Arguments: 
  /home/waltubuntu/.nvm/versions/node/v20.0.0/bin/node /usr/local/bin/yarn

PATH: 
  /home/waltubuntu/.nvm/versions/node/v20.0.0/bin:/usr/local/sbin:/usr/local/bin:/usr/sbin:/usr/bin:/sbin:/bin:/usr/games:/usr/local/games:/snap/bin:/snap/bin:/home/waltubuntu/Android/Sdk/tools:/home/waltubuntu/Library/Android/Sdk/emulator:/home/waltubuntu/Library/Android/Sdk/platform-tools:/usr/local/hadoop/bin:/usr/local/hadoop/sbin:/home/waltubuntu/Android/Sdk/tools:/home/waltubuntu/Library/Android/Sdk/emulator:/home/waltubuntu/Library/Android/Sdk/platform-tools:/usr/local/hadoop/bin:/usr/local/hadoop/sbin

Yarn version: 
  1.22.19

Node version: 
  20.0.0

Platform: 
  linux x64

Trace: 
  AggregateError
      at internalConnectMultiple (node:net:1102:18)
      at internalConnectMultiple (node:net:1160:5)
      at internalConnectMultiple (node:net:1160:5)
      at internalConnectMultiple (node:net:1160:5)
      at internalConnectMultiple (node:net:1160:5)
      at internalConnectMultiple (node:net:1160:5)
      at internalConnectMultiple (node:net:1160:5)
      at internalConnectMultiple (node:net:1160:5)
      at internalConnectMultiple (node:net:1160:5)

npm manifest: 
  {
    "name": "vihiga-intranet",
    "private": true,
    "version": "0.0.0",
    "type": "module",
    "scripts": {
      "dev": "vite --host",
      "build": "vite build",
      "lint": "eslint src --ext js,jsx --report-unused-disable-directives --max-warnings 0",
      "preview": "vite preview"
    },
    "dependencies": {
      "@emotion/react": "^11.11.1",
      "@emotion/styled": "^11.11.0",
      "@mui/icons-material": "^5.13.7",
      "@mui/material": "^5.13.7",
      "firebase": "^9.23.0",
      "react": "^18.2.0",
      "react-dom": "^18.2.0",
      "react-firebase-hooks": "^5.1.1",
      "react-icons": "^4.10.1",
      "react-router-dom": "^6.14.1"
    },
    "resolutions": {
      "@mui/material": "npm:@mui/joy@latest"
    },
    "devDependencies": {
      "@faker-js/faker": "^8.0.2",
      "@types/react": "^18.0.37",
      "@types/react-dom": "^18.0.11",
      "@vitejs/plugin-react-swc": "^3.0.0",
      "autoprefixer": "^10.4.14",
      "eslint": "^8.38.0",
      "eslint-plugin-react": "^7.32.2",
      "eslint-plugin-react-hooks": "^4.6.0",
      "eslint-plugin-react-refresh": "^0.3.4",
      "postcss": "^8.4.24",
      "tailwindcss": "^3.3.2",
      "vite": "^4.3.9"
    }
  }

yarn manifest: 
  No manifest

Lockfile: 
  No lockfile
